# JRE version: OpenJDK Runtime Environment Corretto-22.0.2.9.1 (22.0.2+9) (build 22.0.2+9-FR)
# Java VM: OpenJDK 64-Bit Server VM Corretto-22.0.2.9.1 (22.0.2+9-FR, mixed mode, sharing, tiered, compressed oops, compressed class ptrs, g1 gc, windows-amd64)
GC Precious Log:
 CardTable entry size: 512
 Card Set container configuration: InlinePtr #cards 4 size 8 Array Of Cards #cards 64 size 144 Howl #buckets 8 coarsen threshold 14745 Howl Bitmap #cards 2048 size 272 coarsen threshold 1843 Card regions per heap region 1 cards per card region 16384
 CPUs: 12 total, 12 available
 Memory: 65384M
 Large Page Support: Disabled
 NUMA Support: Disabled
 Compressed Oops: Enabled (Zero based)
 Heap Region Size: 8M
 Heap Min Capacity: 8M
 Heap Initial Capacity: 1G
 Heap Max Capacity: 16352M
 Pre-touch: Disabled
 Parallel Workers: 10
 Concurrent Workers: 3
 Concurrent Refinement Workers: 10
 Periodic GC: Disabled
Heap:
 garbage-first heap   total reserved 16744448K, committed 57344K, used 20073K [0x0000000402000000, 0x0000000800000000)
  region size 8192K, 3 young (24576K), 1 survivors (8192K)
 Metaspace       used 21731K, committed 22208K, reserved 1114112K
  class space    used 2793K, committed 3008K, reserved 1048576K
GC Heap History (6 events):
Event: 1.902 GC heap before
{Heap before GC invocations=0 (full 0):
 garbage-first heap   total reserved 16744448K, committed 1048576K, used 49152K [0x0000000402000000, 0x0000000800000000)
  region size 8192K, 6 young (49152K), 0 survivors (0K)
 Metaspace       used 11529K, committed 11776K, reserved 1114112K
  class space    used 1233K, committed 1344K, reserved 1048576K
}
Event: 1.907 GC heap after
{Heap after GC invocations=1 (full 0):
 garbage-first heap   total reserved 16744448K, committed 1048576K, used 6015K [0x0000000402000000, 0x0000000800000000)
  region size 8192K, 1 young (8192K), 1 survivors (8192K)
 Metaspace       used 11529K, committed 11776K, reserved 1114112K
  class space    used 1233K, committed 1344K, reserved 1048576K
}
Event: 6.738 GC heap before
{Heap before GC invocations=1 (full 0):
 garbage-first heap   total reserved 16744448K, committed 1048576K, used 38783K [0x0000000402000000, 0x0000000800000000)
  region size 8192K, 6 young (49152K), 1 survivors (8192K)
 Metaspace       used 21046K, committed 21440K, reserved 1114112K
  class space    used 2704K, committed 2880K, reserved 1048576K
}
Event: 6.745 GC heap after
{Heap after GC invocations=2 (full 0):
 garbage-first heap   total reserved 16744448K, committed 1048576K, used 11621K [0x0000000402000000, 0x0000000800000000)
  region size 8192K, 1 young (8192K), 1 survivors (8192K)
 Metaspace       used 21046K, committed 21440K, reserved 1114112K
  class space    used 2704K, committed 2880K, reserved 1048576K
}
Event: 6.751 GC heap before
{Heap before GC invocations=2 (full 0):
 garbage-first heap   total reserved 16744448K, committed 1048576K, used 11621K [0x0000000402000000, 0x0000000800000000)
  region size 8192K, 2 young (16384K), 1 survivors (8192K)
 Metaspace       used 21124K, committed 21504K, reserved 1114112K
  class space    used 2708K, committed 2880K, reserved 1048576K
}
Event: 6.754 GC heap after
{Heap after GC invocations=3 (full 0):
 garbage-first heap   total reserved 16744448K, committed 1048576K, used 11881K [0x0000000402000000, 0x0000000800000000)
  region size 8192K, 1 young (8192K), 1 survivors (8192K)
 Metaspace       used 21124K, committed 21504K, reserved 1114112K
  class space    used 2708K, committed 2880K, reserved 1048576K
}

